0 info it worked if it ends with ok
1 verbose cli [ '/usr/local/bin/node',
1 verbose cli   '/usr/local/bin/npm',
1 verbose cli   'install',
1 verbose cli   'jquery-slotmachine',
1 verbose cli   '--save' ]
2 info using npm@2.15.8
3 info using node@v4.4.7
4 verbose install initial load of /Volumes/StoreSpace/Workspace/bitProject/Recipe/recipemaster/src/main/webapp/package.json
5 warn package.json webapp@1.0.0 No repository field.
6 warn package.json webapp@1.0.0 No README data
7 verbose installManyTop reading scoped package data from /Volumes/StoreSpace/Workspace/bitProject/Recipe/recipemaster/src/main/webapp/node_modules/blueimp-canvas-to-blob/package.json
8 verbose installManyTop reading scoped package data from /Volumes/StoreSpace/Workspace/bitProject/Recipe/recipemaster/src/main/webapp/node_modules/blueimp-file-upload/package.json
9 verbose installManyTop reading scoped package data from /Volumes/StoreSpace/Workspace/bitProject/Recipe/recipemaster/src/main/webapp/node_modules/blueimp-load-image/package.json
10 verbose installManyTop reading scoped package data from /Volumes/StoreSpace/Workspace/bitProject/Recipe/recipemaster/src/main/webapp/node_modules/body-parser/package.json
11 verbose installManyTop reading scoped package data from /Volumes/StoreSpace/Workspace/bitProject/Recipe/recipemaster/src/main/webapp/node_modules/bootstrap/package.json
12 verbose installManyTop reading scoped package data from /Volumes/StoreSpace/Workspace/bitProject/Recipe/recipemaster/src/main/webapp/node_modules/bxslider/package.json
13 verbose installManyTop reading scoped package data from /Volumes/StoreSpace/Workspace/bitProject/Recipe/recipemaster/src/main/webapp/node_modules/dateformat/package.json
14 verbose installManyTop reading scoped package data from /Volumes/StoreSpace/Workspace/bitProject/Recipe/recipemaster/src/main/webapp/node_modules/easy-autocomplete/package.json
15 verbose installManyTop reading scoped package data from /Volumes/StoreSpace/Workspace/bitProject/Recipe/recipemaster/src/main/webapp/node_modules/express/package.json
16 verbose installManyTop reading scoped package data from /Volumes/StoreSpace/Workspace/bitProject/Recipe/recipemaster/src/main/webapp/node_modules/handlebars/package.json
17 verbose installManyTop reading scoped package data from /Volumes/StoreSpace/Workspace/bitProject/Recipe/recipemaster/src/main/webapp/node_modules/jquery/package.json
18 verbose installManyTop reading scoped package data from /Volumes/StoreSpace/Workspace/bitProject/Recipe/recipemaster/src/main/webapp/node_modules/mysql/package.json
19 verbose installManyTop reading scoped package data from /Volumes/StoreSpace/Workspace/bitProject/Recipe/recipemaster/src/main/webapp/node_modules/sweetalert/package.json
20 info package.json bxslider@4.2.6 license should be a valid SPDX license expression
21 verbose readDependencies loading dependencies from /Volumes/StoreSpace/Workspace/bitProject/Recipe/recipemaster/src/main/webapp/package.json
22 silly cache add args [ 'jquery-slotmachine', null ]
23 verbose cache add spec jquery-slotmachine
24 silly cache add parsed spec Result {
24 silly cache add   raw: 'jquery-slotmachine',
24 silly cache add   scope: null,
24 silly cache add   name: 'jquery-slotmachine',
24 silly cache add   rawSpec: '',
24 silly cache add   spec: 'latest',
24 silly cache add   type: 'tag' }
25 silly addNamed jquery-slotmachine@latest
26 verbose addNamed "latest" is being treated as a dist-tag for jquery-slotmachine
27 info addNameTag [ 'jquery-slotmachine', 'latest' ]
28 silly mapToRegistry name jquery-slotmachine
29 silly mapToRegistry using default registry
30 silly mapToRegistry registry https://registry.npmjs.org/
31 silly mapToRegistry data Result {
31 silly mapToRegistry   raw: 'jquery-slotmachine',
31 silly mapToRegistry   scope: null,
31 silly mapToRegistry   name: 'jquery-slotmachine',
31 silly mapToRegistry   rawSpec: '',
31 silly mapToRegistry   spec: 'latest',
31 silly mapToRegistry   type: 'tag' }
32 silly mapToRegistry uri https://registry.npmjs.org/jquery-slotmachine
33 verbose addNameTag registry:https://registry.npmjs.org/jquery-slotmachine not in flight; fetching
34 verbose request uri https://registry.npmjs.org/jquery-slotmachine
35 verbose request no auth needed
36 info attempt registry request try #1 at 12:43:44
37 verbose request id 949a30079e78ff45
38 http request GET https://registry.npmjs.org/jquery-slotmachine
39 http 404 https://registry.npmjs.org/jquery-slotmachine
40 verbose headers { 'content-type': 'application/json',
40 verbose headers   'cache-control': 'max-age=0',
40 verbose headers   'content-length': '2',
40 verbose headers   'accept-ranges': 'bytes',
40 verbose headers   date: 'Sun, 04 Sep 2016 03:43:45 GMT',
40 verbose headers   via: '1.1 varnish',
40 verbose headers   age: '0',
40 verbose headers   connection: 'keep-alive',
40 verbose headers   'x-served-by': 'cache-nrt6129-NRT',
40 verbose headers   'x-cache': 'MISS',
40 verbose headers   'x-cache-hits': '0',
40 verbose headers   'x-timer': 'S1472960624.479152,VS0,VE748',
40 verbose headers   vary: 'Accept-Encoding' }
41 silly get cb [ 404,
41 silly get   { 'content-type': 'application/json',
41 silly get     'cache-control': 'max-age=0',
41 silly get     'content-length': '2',
41 silly get     'accept-ranges': 'bytes',
41 silly get     date: 'Sun, 04 Sep 2016 03:43:45 GMT',
41 silly get     via: '1.1 varnish',
41 silly get     age: '0',
41 silly get     connection: 'keep-alive',
41 silly get     'x-served-by': 'cache-nrt6129-NRT',
41 silly get     'x-cache': 'MISS',
41 silly get     'x-cache-hits': '0',
41 silly get     'x-timer': 'S1472960624.479152,VS0,VE748',
41 silly get     vary: 'Accept-Encoding' } ]
42 verbose stack Error: Registry returned 404 for GET on https://registry.npmjs.org/jquery-slotmachine
42 verbose stack     at makeError (/usr/local/lib/node_modules/npm/node_modules/npm-registry-client/lib/request.js:264:12)
42 verbose stack     at CachingRegistryClient.<anonymous> (/usr/local/lib/node_modules/npm/node_modules/npm-registry-client/lib/request.js:242:14)
42 verbose stack     at Request._callback (/usr/local/lib/node_modules/npm/node_modules/npm-registry-client/lib/request.js:172:14)
42 verbose stack     at Request.self.callback (/usr/local/lib/node_modules/npm/node_modules/request/request.js:200:22)
42 verbose stack     at emitTwo (events.js:87:13)
42 verbose stack     at Request.emit (events.js:172:7)
42 verbose stack     at Request.<anonymous> (/usr/local/lib/node_modules/npm/node_modules/request/request.js:1067:10)
42 verbose stack     at emitOne (events.js:82:20)
42 verbose stack     at Request.emit (events.js:169:7)
42 verbose stack     at IncomingMessage.<anonymous> (/usr/local/lib/node_modules/npm/node_modules/request/request.js:988:12)
43 verbose statusCode 404
44 verbose pkgid jquery-slotmachine
45 verbose cwd /Volumes/StoreSpace/Workspace/bitProject/Recipe/recipemaster/src/main/webapp
46 error Darwin 15.6.0
47 error argv "/usr/local/bin/node" "/usr/local/bin/npm" "install" "jquery-slotmachine" "--save"
48 error node v4.4.7
49 error npm  v2.15.8
50 error code E404
51 error 404 Registry returned 404 for GET on https://registry.npmjs.org/jquery-slotmachine
51 error 404
51 error 404 'jquery-slotmachine' is not in the npm registry.
51 error 404 You should bug the author to publish it (or use the name yourself!)
51 error 404 It was specified as a dependency of 'webapp'
51 error 404
51 error 404 Note that you can also install from a
51 error 404 tarball, folder, http url, or git url.
52 verbose exit [ 1, true ]
